<?xml version="1.0" encoding="UTF-8"?>
<!-- Generated by org.testng.reporters.JUnitXMLReporter -->
<testsuite ignored="0" hostname="LAPTOP-SV8G013B" failures="0" tests="4" name="Default test" time="14.142" errors="0" timestamp="2022-04-07T20:04:43 IST">
  <testcase classname="ExtentReport" name="verifyTitle" time="0.021"/>
  <testcase classname="ExtentReport" name="goToLogin" time="0.817"/>
  <testcase classname="ExtentReport" name="verifyLoginPage" time="0.087"/>
  <testcase classname="ExtentReport" name="verifyCredentials" time="2.343"/>
</testsuite> <!-- Default test -->
