<?xml version="1.0" encoding="UTF-8"?>
<testng-results ignored="0" total="4" passed="4" failed="0" skipped="0">
  <reporter-output>
  </reporter-output>
  <suite started-at="2022-04-07T20:04:29 IST" name="Default suite" finished-at="2022-04-07T20:04:43 IST" duration-ms="14142">
    <groups>
    </groups>
    <test started-at="2022-04-07T20:04:29 IST" name="Default test" finished-at="2022-04-07T20:04:43 IST" duration-ms="14142">
      <class name="ExtentReport">
        <test-method is-config="true" signature="launchingBrowser()[pri:0, instance:ExtentReport@71ba6d4e]" started-at="2022-04-07T20:04:29 IST" name="launchingBrowser" finished-at="2022-04-07T20:04:35 IST" duration-ms="6274" status="PASS">
          <reporter-output>
          </reporter-output>
        </test-method> <!-- launchingBrowser -->
        <test-method is-config="true" signature="initializeReport()[pri:0, instance:ExtentReport@71ba6d4e]" started-at="2022-04-07T20:04:35 IST" name="initializeReport" finished-at="2022-04-07T20:04:35 IST" duration-ms="187" status="PASS">
          <reporter-output>
          </reporter-output>
        </test-method> <!-- initializeReport -->
        <test-method signature="verifyTitle()[pri:0, instance:ExtentReport@71ba6d4e]" started-at="2022-04-07T20:04:35 IST" name="verifyTitle" finished-at="2022-04-07T20:04:35 IST" duration-ms="21" status="PASS">
          <reporter-output>
          </reporter-output>
        </test-method> <!-- verifyTitle -->
        <test-method signature="goToLogin()[pri:1, instance:ExtentReport@71ba6d4e]" started-at="2022-04-07T20:04:35 IST" name="goToLogin" finished-at="2022-04-07T20:04:36 IST" duration-ms="817" status="PASS">
          <reporter-output>
          </reporter-output>
        </test-method> <!-- goToLogin -->
        <test-method signature="verifyLoginPage()[pri:2, instance:ExtentReport@71ba6d4e]" started-at="2022-04-07T20:04:36 IST" name="verifyLoginPage" finished-at="2022-04-07T20:04:36 IST" duration-ms="87" status="PASS">
          <reporter-output>
          </reporter-output>
        </test-method> <!-- verifyLoginPage -->
        <test-method signature="verifyCredentials()[pri:3, instance:ExtentReport@71ba6d4e]" started-at="2022-04-07T20:04:36 IST" name="verifyCredentials" finished-at="2022-04-07T20:04:39 IST" duration-ms="2343" status="PASS">
          <reporter-output>
          </reporter-output>
        </test-method> <!-- verifyCredentials -->
        <test-method is-config="true" signature="publishingReport()[pri:0, instance:ExtentReport@71ba6d4e]" started-at="2022-04-07T20:04:39 IST" name="publishingReport" finished-at="2022-04-07T20:04:39 IST" duration-ms="231" status="PASS">
          <reporter-output>
          </reporter-output>
        </test-method> <!-- publishingReport -->
        <test-method is-config="true" signature="tearDown()[pri:0, instance:ExtentReport@71ba6d4e]" started-at="2022-04-07T20:04:39 IST" name="tearDown" finished-at="2022-04-07T20:04:43 IST" duration-ms="4139" status="PASS">
          <reporter-output>
          </reporter-output>
        </test-method> <!-- tearDown -->
      </class> <!-- ExtentReport -->
    </test> <!-- Default test -->
  </suite> <!-- Default suite -->
</testng-results>
